Traceback (most recent call last):
  File "/home/runner/work/cvxmarkowitz/cvxmarkowitz/.venv/lib/python3.10/site-packages/jupyter_cache/executors/utils.py", line 58, in single_nb_execution
    executenb(
  File "/home/runner/work/cvxmarkowitz/cvxmarkowitz/.venv/lib/python3.10/site-packages/nbclient/client.py", line 1305, in execute
    return NotebookClient(nb=nb, resources=resources, km=km, **kwargs).execute()
  File "/home/runner/work/cvxmarkowitz/cvxmarkowitz/.venv/lib/python3.10/site-packages/jupyter_core/utils/__init__.py", line 166, in wrapped
    return loop.run_until_complete(inner)
  File "/opt/hostedtoolcache/Python/3.10.12/x64/lib/python3.10/asyncio/base_events.py", line 649, in run_until_complete
    return future.result()
  File "/home/runner/work/cvxmarkowitz/cvxmarkowitz/.venv/lib/python3.10/site-packages/nbclient/client.py", line 705, in async_execute
    await self.async_execute_cell(
  File "/home/runner/work/cvxmarkowitz/cvxmarkowitz/.venv/lib/python3.10/site-packages/nbclient/client.py", line 1058, in async_execute_cell
    await self._check_raise_for_error(cell, cell_index, exec_reply)
  File "/home/runner/work/cvxmarkowitz/cvxmarkowitz/.venv/lib/python3.10/site-packages/nbclient/client.py", line 914, in _check_raise_for_error
    raise CellExecutionError.from_cell_and_msg(cell, exec_reply_content)
nbclient.exceptions.CellExecutionError: An error occurred while executing the following cell:
------------------
portfolio_resampled = portfolio.resample(rule="M")
------------------


[0;31m---------------------------------------------------------------------------[0m
[0;31mTypeError[0m                                 Traceback (most recent call last)
Cell [0;32mIn[8], line 1[0m
[0;32m----> 1[0m portfolio_resampled [38;5;241m=[39m [43mportfolio[49m[38;5;241;43m.[39;49m[43mresample[49m[43m([49m[43mrule[49m[38;5;241;43m=[39;49m[38;5;124;43m"[39;49m[38;5;124;43mM[39;49m[38;5;124;43m"[39;49m[43m)[49m

File [0;32m~/work/cvxmarkowitz/cvxmarkowitz/.venv/lib/python3.10/site-packages/cvx/simulator/portfolio.py:430[0m, in [0;36mEquityPortfolio.resample[0;34m(self, rule)[0m
[1;32m    420[0m [38;5;250m[39m[38;5;124;03m"""The resample method resamples an EquityPortfolio object to a new frequency[39;00m
[1;32m    421[0m [38;5;124;03mspecified by the rule argument.[39;00m
[1;32m    422[0m [38;5;124;03mA new EquityPortfolio object is created with the original prices[39;00m
[0;32m   (...)[0m
[1;32m    427[0m [38;5;124;03mbut rather returns a new object.[39;00m
[1;32m    428[0m [38;5;124;03m"""[39;00m
[1;32m    429[0m [38;5;66;03m# iron out the stocks index[39;00m
[0;32m--> 430[0m stocks [38;5;241m=[39m [43miron_frame[49m[43m([49m[38;5;28;43mself[39;49m[38;5;241;43m.[39;49m[43mstocks[49m[43m,[49m[43m [49m[43mrule[49m[38;5;241;43m=[39;49m[43mrule[49m[43m)[49m
[1;32m    432[0m [38;5;28;01mreturn[39;00m EquityPortfolio(
[1;32m    433[0m     prices[38;5;241m=[39m[38;5;28mself[39m[38;5;241m.[39mprices,
[1;32m    434[0m     stocks[38;5;241m=[39mstocks,
[1;32m    435[0m     trading_cost_model[38;5;241m=[39m[38;5;28mself[39m[38;5;241m.[39mtrading_cost_model,
[1;32m    436[0m     initial_cash[38;5;241m=[39m[38;5;28mself[39m[38;5;241m.[39minitial_cash,
[1;32m    437[0m )

File [0;32m~/work/cvxmarkowitz/cvxmarkowitz/.venv/lib/python3.10/site-packages/cvx/simulator/grid.py:17[0m, in [0;36miron_frame[0;34m(frame, rule)[0m
[1;32m      8[0m [38;5;28;01mdef[39;00m [38;5;21miron_frame[39m(frame, rule):
[1;32m      9[0m [38;5;250m    [39m[38;5;124;03m"""[39;00m
[1;32m     10[0m [38;5;124;03m    The iron_frame function takes a pandas DataFrame[39;00m
[1;32m     11[0m [38;5;124;03m    and keeps it constant on a coarser grid.[39;00m
[0;32m   (...)[0m
[1;32m     15[0m [38;5;124;03m    :return: the ironed frame[39;00m
[1;32m     16[0m [38;5;124;03m    """[39;00m
[0;32m---> 17[0m     s_index [38;5;241m=[39m [43mresample_index[49m[43m([49m[43mframe[49m[38;5;241;43m.[39;49m[43mindex[49m[43m,[49m[43m [49m[43mrule[49m[43m)[49m
[1;32m     18[0m     [38;5;28;01mreturn[39;00m _project_frame_to_grid(frame, s_index)

File [0;32m~/work/cvxmarkowitz/cvxmarkowitz/.venv/lib/python3.10/site-packages/cvx/simulator/grid.py:31[0m, in [0;36mresample_index[0;34m(index, rule)[0m
[1;32m     22[0m [38;5;250m[39m[38;5;124;03m"""[39;00m
[1;32m     23[0m [38;5;124;03mThe resample_index function resamples a pandas DatetimeIndex object[39;00m
[1;32m     24[0m [38;5;124;03mto a lower frequency using a specified rule.[39;00m
[0;32m   (...)[0m
[1;32m     28[0m [38;5;124;03mbut rather returns a pandas DatetimeIndex[39;00m
[1;32m     29[0m [38;5;124;03m"""[39;00m
[1;32m     30[0m series [38;5;241m=[39m pd[38;5;241m.[39mSeries(index[38;5;241m=[39mindex, data[38;5;241m=[39mindex)
[0;32m---> 31[0m a [38;5;241m=[39m [43mseries[49m[38;5;241;43m.[39;49m[43mresample[49m[43m([49m[43mrule[49m[38;5;241;43m=[39;49m[43mrule[49m[43m)[49m[38;5;241m.[39mfirst()
[1;32m     32[0m [38;5;28;01mreturn[39;00m pd[38;5;241m.[39mDatetimeIndex(a[38;5;241m.[39mvalues)

File [0;32m~/work/cvxmarkowitz/cvxmarkowitz/.venv/lib/python3.10/site-packages/pandas/core/series.py:5719[0m, in [0;36mSeries.resample[0;34m(self, rule, axis, closed, label, convention, kind, on, level, origin, offset, group_keys)[0m
[1;32m   5704[0m [38;5;129m@doc[39m(NDFrame[38;5;241m.[39mresample, [38;5;241m*[39m[38;5;241m*[39m_shared_doc_kwargs)  [38;5;66;03m# type: ignore[has-type][39;00m
[1;32m   5705[0m [38;5;28;01mdef[39;00m [38;5;21mresample[39m(
[1;32m   5706[0m     [38;5;28mself[39m,
[0;32m   (...)[0m
[1;32m   5717[0m     group_keys: [38;5;28mbool[39m [38;5;241m=[39m [38;5;28;01mFalse[39;00m,
[1;32m   5718[0m ) [38;5;241m-[39m[38;5;241m>[39m Resampler:
[0;32m-> 5719[0m     [38;5;28;01mreturn[39;00m [38;5;28;43msuper[39;49m[43m([49m[43m)[49m[38;5;241;43m.[39;49m[43mresample[49m[43m([49m
[1;32m   5720[0m [43m        [49m[43mrule[49m[38;5;241;43m=[39;49m[43mrule[49m[43m,[49m
[1;32m   5721[0m [43m        [49m[43maxis[49m[38;5;241;43m=[39;49m[43maxis[49m[43m,[49m
[1;32m   5722[0m [43m        [49m[43mclosed[49m[38;5;241;43m=[39;49m[43mclosed[49m[43m,[49m
[1;32m   5723[0m [43m        [49m[43mlabel[49m[38;5;241;43m=[39;49m[43mlabel[49m[43m,[49m
[1;32m   5724[0m [43m        [49m[43mconvention[49m[38;5;241;43m=[39;49m[43mconvention[49m[43m,[49m
[1;32m   5725[0m [43m        [49m[43mkind[49m[38;5;241;43m=[39;49m[43mkind[49m[43m,[49m
[1;32m   5726[0m [43m        [49m[43mon[49m[38;5;241;43m=[39;49m[43mon[49m[43m,[49m
[1;32m   5727[0m [43m        [49m[43mlevel[49m[38;5;241;43m=[39;49m[43mlevel[49m[43m,[49m
[1;32m   5728[0m [43m        [49m[43morigin[49m[38;5;241;43m=[39;49m[43morigin[49m[43m,[49m
[1;32m   5729[0m [43m        [49m[43moffset[49m[38;5;241;43m=[39;49m[43moffset[49m[43m,[49m
[1;32m   5730[0m [43m        [49m[43mgroup_keys[49m[38;5;241;43m=[39;49m[43mgroup_keys[49m[43m,[49m
[1;32m   5731[0m [43m    [49m[43m)[49m

File [0;32m~/work/cvxmarkowitz/cvxmarkowitz/.venv/lib/python3.10/site-packages/pandas/core/generic.py:8888[0m, in [0;36mNDFrame.resample[0;34m(self, rule, axis, closed, label, convention, kind, on, level, origin, offset, group_keys)[0m
[1;32m   8885[0m [38;5;28;01mfrom[39;00m [38;5;21;01mpandas[39;00m[38;5;21;01m.[39;00m[38;5;21;01mcore[39;00m[38;5;21;01m.[39;00m[38;5;21;01mresample[39;00m [38;5;28;01mimport[39;00m get_resampler
[1;32m   8887[0m axis [38;5;241m=[39m [38;5;28mself[39m[38;5;241m.[39m_get_axis_number(axis)
[0;32m-> 8888[0m [38;5;28;01mreturn[39;00m [43mget_resampler[49m[43m([49m
[1;32m   8889[0m [43m    [49m[43mcast[49m[43m([49m[38;5;124;43m"[39;49m[38;5;124;43mSeries | DataFrame[39;49m[38;5;124;43m"[39;49m[43m,[49m[43m [49m[38;5;28;43mself[39;49m[43m)[49m[43m,[49m
[1;32m   8890[0m [43m    [49m[43mfreq[49m[38;5;241;43m=[39;49m[43mrule[49m[43m,[49m
[1;32m   8891[0m [43m    [49m[43mlabel[49m[38;5;241;43m=[39;49m[43mlabel[49m[43m,[49m
[1;32m   8892[0m [43m    [49m[43mclosed[49m[38;5;241;43m=[39;49m[43mclosed[49m[43m,[49m
[1;32m   8893[0m [43m    [49m[43maxis[49m[38;5;241;43m=[39;49m[43maxis[49m[43m,[49m
[1;32m   8894[0m [43m    [49m[43mkind[49m[38;5;241;43m=[39;49m[43mkind[49m[43m,[49m
[1;32m   8895[0m [43m    [49m[43mconvention[49m[38;5;241;43m=[39;49m[43mconvention[49m[43m,[49m
[1;32m   8896[0m [43m    [49m[43mkey[49m[38;5;241;43m=[39;49m[43mon[49m[43m,[49m
[1;32m   8897[0m [43m    [49m[43mlevel[49m[38;5;241;43m=[39;49m[43mlevel[49m[43m,[49m
[1;32m   8898[0m [43m    [49m[43morigin[49m[38;5;241;43m=[39;49m[43morigin[49m[43m,[49m
[1;32m   8899[0m [43m    [49m[43moffset[49m[38;5;241;43m=[39;49m[43moffset[49m[43m,[49m
[1;32m   8900[0m [43m    [49m[43mgroup_keys[49m[38;5;241;43m=[39;49m[43mgroup_keys[49m[43m,[49m
[1;32m   8901[0m [43m[49m[43m)[49m

File [0;32m~/work/cvxmarkowitz/cvxmarkowitz/.venv/lib/python3.10/site-packages/pandas/core/resample.py:1523[0m, in [0;36mget_resampler[0;34m(obj, kind, **kwds)[0m
[1;32m   1519[0m [38;5;250m[39m[38;5;124;03m"""[39;00m
[1;32m   1520[0m [38;5;124;03mCreate a TimeGrouper and return our resampler.[39;00m
[1;32m   1521[0m [38;5;124;03m"""[39;00m
[1;32m   1522[0m tg [38;5;241m=[39m TimeGrouper([38;5;241m*[39m[38;5;241m*[39mkwds)
[0;32m-> 1523[0m [38;5;28;01mreturn[39;00m [43mtg[49m[38;5;241;43m.[39;49m[43m_get_resampler[49m[43m([49m[43mobj[49m[43m,[49m[43m [49m[43mkind[49m[38;5;241;43m=[39;49m[43mkind[49m[43m)[49m

File [0;32m~/work/cvxmarkowitz/cvxmarkowitz/.venv/lib/python3.10/site-packages/pandas/core/resample.py:1713[0m, in [0;36mTimeGrouper._get_resampler[0;34m(self, obj, kind)[0m
[1;32m   1704[0m [38;5;28;01melif[39;00m [38;5;28misinstance[39m(ax, TimedeltaIndex):
[1;32m   1705[0m     [38;5;28;01mreturn[39;00m TimedeltaIndexResampler(
[1;32m   1706[0m         obj,
[1;32m   1707[0m         timegrouper[38;5;241m=[39m[38;5;28mself[39m,
[0;32m   (...)[0m
[1;32m   1710[0m         gpr_index[38;5;241m=[39max,
[1;32m   1711[0m     )
[0;32m-> 1713[0m [38;5;28;01mraise[39;00m [38;5;167;01mTypeError[39;00m(
[1;32m   1714[0m     [38;5;124m"[39m[38;5;124mOnly valid with DatetimeIndex, [39m[38;5;124m"[39m
[1;32m   1715[0m     [38;5;124m"[39m[38;5;124mTimedeltaIndex or PeriodIndex, [39m[38;5;124m"[39m
[1;32m   1716[0m     [38;5;124mf[39m[38;5;124m"[39m[38;5;124mbut got an instance of [39m[38;5;124m'[39m[38;5;132;01m{[39;00m[38;5;28mtype[39m(ax)[38;5;241m.[39m[38;5;18m__name__[39m[38;5;132;01m}[39;00m[38;5;124m'[39m[38;5;124m"[39m
[1;32m   1717[0m )

[0;31mTypeError[0m: Only valid with DatetimeIndex, TimedeltaIndex or PeriodIndex, but got an instance of 'Index'

