Traceback (most recent call last):
  File "/home/runner/work/cvxmarkowitz/cvxmarkowitz/.venv/lib/python3.10/site-packages/jupyter_cache/executors/utils.py", line 58, in single_nb_execution
    executenb(
  File "/home/runner/work/cvxmarkowitz/cvxmarkowitz/.venv/lib/python3.10/site-packages/nbclient/client.py", line 1305, in execute
    return NotebookClient(nb=nb, resources=resources, km=km, **kwargs).execute()
  File "/home/runner/work/cvxmarkowitz/cvxmarkowitz/.venv/lib/python3.10/site-packages/jupyter_core/utils/__init__.py", line 173, in wrapped
    return loop.run_until_complete(inner)
  File "/opt/hostedtoolcache/Python/3.10.13/x64/lib/python3.10/asyncio/base_events.py", line 649, in run_until_complete
    return future.result()
  File "/home/runner/work/cvxmarkowitz/cvxmarkowitz/.venv/lib/python3.10/site-packages/nbclient/client.py", line 705, in async_execute
    await self.async_execute_cell(
  File "/home/runner/work/cvxmarkowitz/cvxmarkowitz/.venv/lib/python3.10/site-packages/nbclient/client.py", line 1058, in async_execute_cell
    await self._check_raise_for_error(cell, cell_index, exec_reply)
  File "/home/runner/work/cvxmarkowitz/cvxmarkowitz/.venv/lib/python3.10/site-packages/nbclient/client.py", line 914, in _check_raise_for_error
    raise CellExecutionError.from_cell_and_msg(cell, exec_reply_content)
nbclient.exceptions.CellExecutionError: An error occurred while executing the following cell:
------------------
b = builder(prices=prices, initial_cash=capital)

for time, state in b:
    # each day we invest a quarter of the capital in the assets
    b[time[-1]] = 0.25 * state.nav / state.prices
------------------


[0;31m---------------------------------------------------------------------------[0m
[0;31mTypeError[0m                                 Traceback (most recent call last)
Cell [0;32mIn[5], line 5[0m
[1;32m      1[0m b [38;5;241m=[39m builder(prices[38;5;241m=[39mprices, initial_cash[38;5;241m=[39mcapital)
[1;32m      3[0m [38;5;28;01mfor[39;00m time, state [38;5;129;01min[39;00m b:
[1;32m      4[0m     [38;5;66;03m# each day we invest a quarter of the capital in the assets[39;00m
[0;32m----> 5[0m     [43mb[49m[43m[[49m[43mtime[49m[43m[[49m[38;5;241;43m-[39;49m[38;5;241;43m1[39;49m[43m][49m[43m][49m [38;5;241m=[39m [38;5;241m0.25[39m [38;5;241m*[39m state[38;5;241m.[39mnav [38;5;241m/[39m state[38;5;241m.[39mprices

[0;31mTypeError[0m: '_Builder' object does not support item assignment

